<?xml version="1.0" encoding="UTF-8"?>
<testng-results skipped="0" failed="7" ignored="0" total="10" passed="3">
  <reporter-output>
  </reporter-output>
  <suite name="Default suite" duration-ms="214057" started-at="2020-06-12T00:20:59Z" finished-at="2020-06-12T00:24:33Z">
    <groups>
    </groups>
    <test name="Default test" duration-ms="214057" started-at="2020-06-12T00:20:59Z" finished-at="2020-06-12T00:24:33Z">
      <class name="com.selenium.phptravels.pages.SmokeTest">
        <test-method status="PASS" signature="beforeAllTests()[pri:0, instance:com.selenium.phptravels.pages.SmokeTest@35d176f7]" name="beforeAllTests" is-config="true" duration-ms="23" started-at="2020-06-12T00:20:59Z" finished-at="2020-06-12T00:20:59Z">
          <reporter-output>
          </reporter-output>
        </test-method> <!-- beforeAllTests -->
        <test-method status="PASS" signature="set_up()[pri:0, instance:com.selenium.phptravels.pages.SmokeTest@35d176f7]" name="set_up" is-config="true" duration-ms="2623" started-at="2020-06-12T00:20:59Z" finished-at="2020-06-12T00:21:02Z">
          <reporter-output>
          </reporter-output>
        </test-method> <!-- set_up -->
        <test-method status="PASS" signature="phptravels()[pri:1, instance:com.selenium.phptravels.pages.SmokeTest@35d176f7]" name="phptravels" duration-ms="14059" started-at="2020-06-12T00:21:02Z" finished-at="2020-06-12T00:21:16Z">
          <reporter-output>
          </reporter-output>
        </test-method> <!-- phptravels -->
        <test-method status="PASS" signature="tearDown(org.testng.ITestResult)[pri:0, instance:com.selenium.phptravels.pages.SmokeTest@35d176f7]" name="tearDown" is-config="true" duration-ms="5111" started-at="2020-06-12T00:21:16Z" finished-at="2020-06-12T00:21:21Z">
          <params>
            <param index="0">
              <value>
                <![CDATA[[TestResult name=phptravels status=SUCCESS method=SmokeTest.phptravels()[pri:1, instance:com.selenium.phptravels.pages.SmokeTest@35d176f7] output={null}]]]>
              </value>
            </param>
          </params>
          <reporter-output>
          </reporter-output>
        </test-method> <!-- tearDown -->
        <test-method status="PASS" signature="set_up()[pri:0, instance:com.selenium.phptravels.pages.SmokeTest@35d176f7]" name="set_up" is-config="true" duration-ms="978" started-at="2020-06-12T00:21:22Z" finished-at="2020-06-12T00:21:23Z">
          <reporter-output>
          </reporter-output>
        </test-method> <!-- set_up -->
        <test-method status="FAIL" signature="userCheck(java.lang.String, java.lang.String)[pri:2, instance:com.selenium.phptravels.pages.SmokeTest@35d176f7]" name="userCheck" duration-ms="16816" started-at="2020-06-12T00:21:23Z" data-provider="testdata" finished-at="2020-06-12T00:21:40Z">
          <params>
            <param index="0">
              <value>
                <![CDATA[muzafar@gmail.com]]>
              </value>
            </param>
            <param index="1">
              <value>
                <![CDATA[admin]]>
              </value>
            </param>
          </params>
          <exception class="java.lang.AssertionError">
            <message>
              <![CDATA[expected [true] but found [false]]]>
            </message>
            <full-stacktrace>
              <![CDATA[java.lang.AssertionError: expected [true] but found [false]
at org.testng.Assert.fail(Assert.java:96)
at org.testng.Assert.failNotEquals(Assert.java:776)
at org.testng.Assert.assertTrue(Assert.java:44)
at org.testng.Assert.assertTrue(Assert.java:54)
at com.selenium.library.LibraryStar.waitForElementToBeClickable(LibraryStar.java:600)
at com.selenium.pages.UserPage.userlogin(UserPage.java:44)
at com.selenium.phptravels.pages.SmokeTest.userCheck(SmokeTest.java:28)
at sun.reflect.NativeMethodAccessorImpl.invoke0(Native Method)
at sun.reflect.NativeMethodAccessorImpl.invoke(NativeMethodAccessorImpl.java:62)
at sun.reflect.DelegatingMethodAccessorImpl.invoke(DelegatingMethodAccessorImpl.java:43)
at java.lang.reflect.Method.invoke(Method.java:498)
at org.testng.internal.MethodInvocationHelper.invokeMethod(MethodInvocationHelper.java:124)
at org.testng.internal.Invoker.invokeMethod(Invoker.java:583)
at org.testng.internal.Invoker.invokeTestMethod(Invoker.java:719)
at org.testng.internal.Invoker.invokeTestMethods(Invoker.java:989)
at org.testng.internal.TestMethodWorker.invokeTestMethods(TestMethodWorker.java:125)
at org.testng.internal.TestMethodWorker.run(TestMethodWorker.java:109)
at org.testng.TestRunner.privateRun(TestRunner.java:648)
at org.testng.TestRunner.run(TestRunner.java:505)
at org.testng.SuiteRunner.runTest(SuiteRunner.java:455)
at org.testng.SuiteRunner.runSequentially(SuiteRunner.java:450)
at org.testng.SuiteRunner.privateRun(SuiteRunner.java:415)
at org.testng.SuiteRunner.run(SuiteRunner.java:364)
at org.testng.SuiteRunnerWorker.runSuite(SuiteRunnerWorker.java:52)
at org.testng.SuiteRunnerWorker.run(SuiteRunnerWorker.java:84)
at org.testng.TestNG.runSuitesSequentially(TestNG.java:1208)
at org.testng.TestNG.runSuitesLocally(TestNG.java:1137)
at org.testng.TestNG.runSuites(TestNG.java:1049)
at org.testng.TestNG.run(TestNG.java:1017)
at org.testng.remote.AbstractRemoteTestNG.run(AbstractRemoteTestNG.java:115)
at org.testng.remote.RemoteTestNG.initAndRun(RemoteTestNG.java:251)
at org.testng.remote.RemoteTestNG.main(RemoteTestNG.java:77)
]]>
            </full-stacktrace>
          </exception> <!-- java.lang.AssertionError -->
          <reporter-output>
          </reporter-output>
        </test-method> <!-- userCheck -->
        <test-method status="PASS" signature="tearDown(org.testng.ITestResult)[pri:0, instance:com.selenium.phptravels.pages.SmokeTest@35d176f7]" name="tearDown" is-config="true" duration-ms="5855" started-at="2020-06-12T00:21:40Z" finished-at="2020-06-12T00:21:45Z">
          <params>
            <param index="0">
              <value>
                <![CDATA[[TestResult name=userCheck status=FAILURE method=SmokeTest.userCheck(java.lang.String, java.lang.String)[pri:2, instance:com.selenium.phptravels.pages.SmokeTest@35d176f7] output={null}]]]>
              </value>
            </param>
          </params>
          <reporter-output>
          </reporter-output>
        </test-method> <!-- tearDown -->
        <test-method status="PASS" signature="set_up()[pri:0, instance:com.selenium.phptravels.pages.SmokeTest@35d176f7]" name="set_up" is-config="true" duration-ms="943" started-at="2020-06-12T00:21:45Z" finished-at="2020-06-12T00:21:46Z">
          <reporter-output>
          </reporter-output>
        </test-method> <!-- set_up -->
        <test-method status="FAIL" signature="userCheck(java.lang.String, java.lang.String)[pri:2, instance:com.selenium.phptravels.pages.SmokeTest@35d176f7]" name="userCheck" duration-ms="17462" started-at="2020-06-12T00:21:46Z" data-provider="testdata" finished-at="2020-06-12T00:22:04Z">
          <params>
            <param index="0">
              <value>
                <![CDATA[daniel@yahoo.com]]>
              </value>
            </param>
            <param index="1">
              <value>
                <![CDATA[jobs123]]>
              </value>
            </param>
          </params>
          <exception class="java.lang.AssertionError">
            <message>
              <![CDATA[expected [true] but found [false]]]>
            </message>
            <full-stacktrace>
              <![CDATA[java.lang.AssertionError: expected [true] but found [false]
at org.testng.Assert.fail(Assert.java:96)
at org.testng.Assert.failNotEquals(Assert.java:776)
at org.testng.Assert.assertTrue(Assert.java:44)
at org.testng.Assert.assertTrue(Assert.java:54)
at com.selenium.library.LibraryStar.waitForElementToBeClickable(LibraryStar.java:600)
at com.selenium.pages.UserPage.userlogin(UserPage.java:44)
at com.selenium.phptravels.pages.SmokeTest.userCheck(SmokeTest.java:28)
at sun.reflect.NativeMethodAccessorImpl.invoke0(Native Method)
at sun.reflect.NativeMethodAccessorImpl.invoke(NativeMethodAccessorImpl.java:62)
at sun.reflect.DelegatingMethodAccessorImpl.invoke(DelegatingMethodAccessorImpl.java:43)
at java.lang.reflect.Method.invoke(Method.java:498)
at org.testng.internal.MethodInvocationHelper.invokeMethod(MethodInvocationHelper.java:124)
at org.testng.internal.Invoker.invokeMethod(Invoker.java:583)
at org.testng.internal.Invoker.invokeTestMethod(Invoker.java:719)
at org.testng.internal.Invoker.invokeTestMethods(Invoker.java:989)
at org.testng.internal.TestMethodWorker.invokeTestMethods(TestMethodWorker.java:125)
at org.testng.internal.TestMethodWorker.run(TestMethodWorker.java:109)
at org.testng.TestRunner.privateRun(TestRunner.java:648)
at org.testng.TestRunner.run(TestRunner.java:505)
at org.testng.SuiteRunner.runTest(SuiteRunner.java:455)
at org.testng.SuiteRunner.runSequentially(SuiteRunner.java:450)
at org.testng.SuiteRunner.privateRun(SuiteRunner.java:415)
at org.testng.SuiteRunner.run(SuiteRunner.java:364)
at org.testng.SuiteRunnerWorker.runSuite(SuiteRunnerWorker.java:52)
at org.testng.SuiteRunnerWorker.run(SuiteRunnerWorker.java:84)
at org.testng.TestNG.runSuitesSequentially(TestNG.java:1208)
at org.testng.TestNG.runSuitesLocally(TestNG.java:1137)
at org.testng.TestNG.runSuites(TestNG.java:1049)
at org.testng.TestNG.run(TestNG.java:1017)
at org.testng.remote.AbstractRemoteTestNG.run(AbstractRemoteTestNG.java:115)
at org.testng.remote.RemoteTestNG.initAndRun(RemoteTestNG.java:251)
at org.testng.remote.RemoteTestNG.main(RemoteTestNG.java:77)
]]>
            </full-stacktrace>
          </exception> <!-- java.lang.AssertionError -->
          <reporter-output>
          </reporter-output>
        </test-method> <!-- userCheck -->
        <test-method status="PASS" signature="tearDown(org.testng.ITestResult)[pri:0, instance:com.selenium.phptravels.pages.SmokeTest@35d176f7]" name="tearDown" is-config="true" duration-ms="5795" started-at="2020-06-12T00:22:04Z" finished-at="2020-06-12T00:22:10Z">
          <params>
            <param index="0">
              <value>
                <![CDATA[[TestResult name=userCheck status=FAILURE method=SmokeTest.userCheck(java.lang.String, java.lang.String)[pri:2, instance:com.selenium.phptravels.pages.SmokeTest@35d176f7] output={null}]]]>
              </value>
            </param>
          </params>
          <reporter-output>
          </reporter-output>
        </test-method> <!-- tearDown -->
        <test-method status="PASS" signature="set_up()[pri:0, instance:com.selenium.phptravels.pages.SmokeTest@35d176f7]" name="set_up" is-config="true" duration-ms="949" started-at="2020-06-12T00:22:10Z" finished-at="2020-06-12T00:22:11Z">
          <reporter-output>
          </reporter-output>
        </test-method> <!-- set_up -->
        <test-method status="FAIL" signature="userCheck(java.lang.String, java.lang.String)[pri:2, instance:com.selenium.phptravels.pages.SmokeTest@35d176f7]" name="userCheck" duration-ms="16024" started-at="2020-06-12T00:22:11Z" data-provider="testdata" finished-at="2020-06-12T00:22:27Z">
          <params>
            <param index="0">
              <value>
                <![CDATA[pitias@tech.com]]>
              </value>
            </param>
            <param index="1">
              <value>
                <![CDATA[enginer]]>
              </value>
            </param>
          </params>
          <exception class="java.lang.AssertionError">
            <message>
              <![CDATA[expected [true] but found [false]]]>
            </message>
            <full-stacktrace>
              <![CDATA[java.lang.AssertionError: expected [true] but found [false]
at org.testng.Assert.fail(Assert.java:96)
at org.testng.Assert.failNotEquals(Assert.java:776)
at org.testng.Assert.assertTrue(Assert.java:44)
at org.testng.Assert.assertTrue(Assert.java:54)
at com.selenium.library.LibraryStar.waitForElementToBeClickable(LibraryStar.java:600)
at com.selenium.pages.UserPage.userlogin(UserPage.java:44)
at com.selenium.phptravels.pages.SmokeTest.userCheck(SmokeTest.java:28)
at sun.reflect.NativeMethodAccessorImpl.invoke0(Native Method)
at sun.reflect.NativeMethodAccessorImpl.invoke(NativeMethodAccessorImpl.java:62)
at sun.reflect.DelegatingMethodAccessorImpl.invoke(DelegatingMethodAccessorImpl.java:43)
at java.lang.reflect.Method.invoke(Method.java:498)
at org.testng.internal.MethodInvocationHelper.invokeMethod(MethodInvocationHelper.java:124)
at org.testng.internal.Invoker.invokeMethod(Invoker.java:583)
at org.testng.internal.Invoker.invokeTestMethod(Invoker.java:719)
at org.testng.internal.Invoker.invokeTestMethods(Invoker.java:989)
at org.testng.internal.TestMethodWorker.invokeTestMethods(TestMethodWorker.java:125)
at org.testng.internal.TestMethodWorker.run(TestMethodWorker.java:109)
at org.testng.TestRunner.privateRun(TestRunner.java:648)
at org.testng.TestRunner.run(TestRunner.java:505)
at org.testng.SuiteRunner.runTest(SuiteRunner.java:455)
at org.testng.SuiteRunner.runSequentially(SuiteRunner.java:450)
at org.testng.SuiteRunner.privateRun(SuiteRunner.java:415)
at org.testng.SuiteRunner.run(SuiteRunner.java:364)
at org.testng.SuiteRunnerWorker.runSuite(SuiteRunnerWorker.java:52)
at org.testng.SuiteRunnerWorker.run(SuiteRunnerWorker.java:84)
at org.testng.TestNG.runSuitesSequentially(TestNG.java:1208)
at org.testng.TestNG.runSuitesLocally(TestNG.java:1137)
at org.testng.TestNG.runSuites(TestNG.java:1049)
at org.testng.TestNG.run(TestNG.java:1017)
at org.testng.remote.AbstractRemoteTestNG.run(AbstractRemoteTestNG.java:115)
at org.testng.remote.RemoteTestNG.initAndRun(RemoteTestNG.java:251)
at org.testng.remote.RemoteTestNG.main(RemoteTestNG.java:77)
]]>
            </full-stacktrace>
          </exception> <!-- java.lang.AssertionError -->
          <reporter-output>
          </reporter-output>
        </test-method> <!-- userCheck -->
        <test-method status="PASS" signature="tearDown(org.testng.ITestResult)[pri:0, instance:com.selenium.phptravels.pages.SmokeTest@35d176f7]" name="tearDown" is-config="true" duration-ms="5818" started-at="2020-06-12T00:22:27Z" finished-at="2020-06-12T00:22:32Z">
          <params>
            <param index="0">
              <value>
                <![CDATA[[TestResult name=userCheck status=FAILURE method=SmokeTest.userCheck(java.lang.String, java.lang.String)[pri:2, instance:com.selenium.phptravels.pages.SmokeTest@35d176f7] output={null}]]]>
              </value>
            </param>
          </params>
          <reporter-output>
          </reporter-output>
        </test-method> <!-- tearDown -->
        <test-method status="PASS" signature="set_up()[pri:0, instance:com.selenium.phptravels.pages.SmokeTest@35d176f7]" name="set_up" is-config="true" duration-ms="892" started-at="2020-06-12T00:22:32Z" finished-at="2020-06-12T00:22:33Z">
          <reporter-output>
          </reporter-output>
        </test-method> <!-- set_up -->
        <test-method status="FAIL" signature="userCheck(java.lang.String, java.lang.String)[pri:2, instance:com.selenium.phptravels.pages.SmokeTest@35d176f7]" name="userCheck" duration-ms="15104" started-at="2020-06-12T00:22:33Z" data-provider="testdata" finished-at="2020-06-12T00:22:48Z">
          <params>
            <param index="0">
              <value>
                <![CDATA[user@phptravels.com]]>
              </value>
            </param>
            <param index="1">
              <value>
                <![CDATA[demouser]]>
              </value>
            </param>
          </params>
          <exception class="java.lang.AssertionError">
            <message>
              <![CDATA[expected [true] but found [false]]]>
            </message>
            <full-stacktrace>
              <![CDATA[java.lang.AssertionError: expected [true] but found [false]
at org.testng.Assert.fail(Assert.java:96)
at org.testng.Assert.failNotEquals(Assert.java:776)
at org.testng.Assert.assertTrue(Assert.java:44)
at org.testng.Assert.assertTrue(Assert.java:54)
at com.selenium.library.LibraryStar.clickdropdown(LibraryStar.java:327)
at com.selenium.pages.UserPrivatePage.demoPage(UserPrivatePage.java:20)
at com.selenium.phptravels.pages.SmokeTest.userCheck(SmokeTest.java:30)
at sun.reflect.NativeMethodAccessorImpl.invoke0(Native Method)
at sun.reflect.NativeMethodAccessorImpl.invoke(NativeMethodAccessorImpl.java:62)
at sun.reflect.DelegatingMethodAccessorImpl.invoke(DelegatingMethodAccessorImpl.java:43)
at java.lang.reflect.Method.invoke(Method.java:498)
at org.testng.internal.MethodInvocationHelper.invokeMethod(MethodInvocationHelper.java:124)
at org.testng.internal.Invoker.invokeMethod(Invoker.java:583)
at org.testng.internal.Invoker.invokeTestMethod(Invoker.java:719)
at org.testng.internal.Invoker.invokeTestMethods(Invoker.java:989)
at org.testng.internal.TestMethodWorker.invokeTestMethods(TestMethodWorker.java:125)
at org.testng.internal.TestMethodWorker.run(TestMethodWorker.java:109)
at org.testng.TestRunner.privateRun(TestRunner.java:648)
at org.testng.TestRunner.run(TestRunner.java:505)
at org.testng.SuiteRunner.runTest(SuiteRunner.java:455)
at org.testng.SuiteRunner.runSequentially(SuiteRunner.java:450)
at org.testng.SuiteRunner.privateRun(SuiteRunner.java:415)
at org.testng.SuiteRunner.run(SuiteRunner.java:364)
at org.testng.SuiteRunnerWorker.runSuite(SuiteRunnerWorker.java:52)
at org.testng.SuiteRunnerWorker.run(SuiteRunnerWorker.java:84)
at org.testng.TestNG.runSuitesSequentially(TestNG.java:1208)
at org.testng.TestNG.runSuitesLocally(TestNG.java:1137)
at org.testng.TestNG.runSuites(TestNG.java:1049)
at org.testng.TestNG.run(TestNG.java:1017)
at org.testng.remote.AbstractRemoteTestNG.run(AbstractRemoteTestNG.java:115)
at org.testng.remote.RemoteTestNG.initAndRun(RemoteTestNG.java:251)
at org.testng.remote.RemoteTestNG.main(RemoteTestNG.java:77)
]]>
            </full-stacktrace>
          </exception> <!-- java.lang.AssertionError -->
          <reporter-output>
          </reporter-output>
        </test-method> <!-- userCheck -->
        <test-method status="PASS" signature="tearDown(org.testng.ITestResult)[pri:0, instance:com.selenium.phptravels.pages.SmokeTest@35d176f7]" name="tearDown" is-config="true" duration-ms="5762" started-at="2020-06-12T00:22:48Z" finished-at="2020-06-12T00:22:54Z">
          <params>
            <param index="0">
              <value>
                <![CDATA[[TestResult name=userCheck status=FAILURE method=SmokeTest.userCheck(java.lang.String, java.lang.String)[pri:2, instance:com.selenium.phptravels.pages.SmokeTest@35d176f7] output={null}]]]>
              </value>
            </param>
          </params>
          <reporter-output>
          </reporter-output>
        </test-method> <!-- tearDown -->
        <test-method status="PASS" signature="set_up()[pri:0, instance:com.selenium.phptravels.pages.SmokeTest@35d176f7]" name="set_up" is-config="true" duration-ms="893" started-at="2020-06-12T00:22:54Z" finished-at="2020-06-12T00:22:55Z">
          <reporter-output>
          </reporter-output>
        </test-method> <!-- set_up -->
        <test-method status="PASS" signature="phptravel()[pri:3, instance:com.selenium.phptravels.pages.SmokeTest@35d176f7]" name="phptravel" duration-ms="3097" started-at="2020-06-12T00:22:55Z" finished-at="2020-06-12T00:22:58Z">
          <reporter-output>
          </reporter-output>
        </test-method> <!-- phptravel -->
        <test-method status="PASS" signature="tearDown(org.testng.ITestResult)[pri:0, instance:com.selenium.phptravels.pages.SmokeTest@35d176f7]" name="tearDown" is-config="true" duration-ms="5096" started-at="2020-06-12T00:22:58Z" finished-at="2020-06-12T00:23:03Z">
          <params>
            <param index="0">
              <value>
                <![CDATA[[TestResult name=phptravel status=SUCCESS method=SmokeTest.phptravel()[pri:3, instance:com.selenium.phptravels.pages.SmokeTest@35d176f7] output={null}]]]>
              </value>
            </param>
          </params>
          <reporter-output>
          </reporter-output>
        </test-method> <!-- tearDown -->
        <test-method status="PASS" signature="set_up()[pri:0, instance:com.selenium.phptravels.pages.SmokeTest@35d176f7]" name="set_up" is-config="true" duration-ms="879" started-at="2020-06-12T00:23:03Z" finished-at="2020-06-12T00:23:04Z">
          <reporter-output>
          </reporter-output>
        </test-method> <!-- set_up -->
        <test-method status="FAIL" signature="adminCheck(java.lang.String, java.lang.String)[pri:4, instance:com.selenium.phptravels.pages.SmokeTest@35d176f7]" name="adminCheck" duration-ms="17344" started-at="2020-06-12T00:23:04Z" data-provider="admintest" finished-at="2020-06-12T00:23:22Z">
          <params>
            <param index="0">
              <value>
                <![CDATA[frank@mtech.com]]>
              </value>
            </param>
            <param index="1">
              <value>
                <![CDATA[adA321]]>
              </value>
            </param>
          </params>
          <exception class="java.lang.AssertionError">
            <message>
              <![CDATA[expected [true] but found [false]]]>
            </message>
            <full-stacktrace>
              <![CDATA[java.lang.AssertionError: expected [true] but found [false]
at org.testng.Assert.fail(Assert.java:96)
at org.testng.Assert.failNotEquals(Assert.java:776)
at org.testng.Assert.assertTrue(Assert.java:44)
at org.testng.Assert.assertTrue(Assert.java:54)
at com.selenium.library.LibraryStar.waitForElementToBeClickable(LibraryStar.java:600)
at com.selenium.pages.AdminPage.goto_BackEnd(AdminPage.java:28)
at com.selenium.phptravels.pages.SmokeTest.adminCheck(SmokeTest.java:41)
at sun.reflect.NativeMethodAccessorImpl.invoke0(Native Method)
at sun.reflect.NativeMethodAccessorImpl.invoke(NativeMethodAccessorImpl.java:62)
at sun.reflect.DelegatingMethodAccessorImpl.invoke(DelegatingMethodAccessorImpl.java:43)
at java.lang.reflect.Method.invoke(Method.java:498)
at org.testng.internal.MethodInvocationHelper.invokeMethod(MethodInvocationHelper.java:124)
at org.testng.internal.Invoker.invokeMethod(Invoker.java:583)
at org.testng.internal.Invoker.invokeTestMethod(Invoker.java:719)
at org.testng.internal.Invoker.invokeTestMethods(Invoker.java:989)
at org.testng.internal.TestMethodWorker.invokeTestMethods(TestMethodWorker.java:125)
at org.testng.internal.TestMethodWorker.run(TestMethodWorker.java:109)
at org.testng.TestRunner.privateRun(TestRunner.java:648)
at org.testng.TestRunner.run(TestRunner.java:505)
at org.testng.SuiteRunner.runTest(SuiteRunner.java:455)
at org.testng.SuiteRunner.runSequentially(SuiteRunner.java:450)
at org.testng.SuiteRunner.privateRun(SuiteRunner.java:415)
at org.testng.SuiteRunner.run(SuiteRunner.java:364)
at org.testng.SuiteRunnerWorker.runSuite(SuiteRunnerWorker.java:52)
at org.testng.SuiteRunnerWorker.run(SuiteRunnerWorker.java:84)
at org.testng.TestNG.runSuitesSequentially(TestNG.java:1208)
at org.testng.TestNG.runSuitesLocally(TestNG.java:1137)
at org.testng.TestNG.runSuites(TestNG.java:1049)
at org.testng.TestNG.run(TestNG.java:1017)
at org.testng.remote.AbstractRemoteTestNG.run(AbstractRemoteTestNG.java:115)
at org.testng.remote.RemoteTestNG.initAndRun(RemoteTestNG.java:251)
at org.testng.remote.RemoteTestNG.main(RemoteTestNG.java:77)
]]>
            </full-stacktrace>
          </exception> <!-- java.lang.AssertionError -->
          <reporter-output>
          </reporter-output>
        </test-method> <!-- adminCheck -->
        <test-method status="PASS" signature="tearDown(org.testng.ITestResult)[pri:0, instance:com.selenium.phptravels.pages.SmokeTest@35d176f7]" name="tearDown" is-config="true" duration-ms="5886" started-at="2020-06-12T00:23:22Z" finished-at="2020-06-12T00:23:27Z">
          <params>
            <param index="0">
              <value>
                <![CDATA[[TestResult name=adminCheck status=FAILURE method=SmokeTest.adminCheck(java.lang.String, java.lang.String)[pri:4, instance:com.selenium.phptravels.pages.SmokeTest@35d176f7] output={null}]]]>
              </value>
            </param>
          </params>
          <reporter-output>
          </reporter-output>
        </test-method> <!-- tearDown -->
        <test-method status="PASS" signature="set_up()[pri:0, instance:com.selenium.phptravels.pages.SmokeTest@35d176f7]" name="set_up" is-config="true" duration-ms="949" started-at="2020-06-12T00:23:27Z" finished-at="2020-06-12T00:23:28Z">
          <reporter-output>
          </reporter-output>
        </test-method> <!-- set_up -->
        <test-method status="FAIL" signature="adminCheck(java.lang.String, java.lang.String)[pri:4, instance:com.selenium.phptravels.pages.SmokeTest@35d176f7]" name="adminCheck" duration-ms="16411" started-at="2020-06-12T00:23:28Z" data-provider="admintest" finished-at="2020-06-12T00:23:45Z">
          <params>
            <param index="0">
              <value>
                <![CDATA[johndoe@xyz.com]]>
              </value>
            </param>
            <param index="1">
              <value>
                <![CDATA[sam444]]>
              </value>
            </param>
          </params>
          <exception class="java.lang.AssertionError">
            <message>
              <![CDATA[expected [true] but found [false]]]>
            </message>
            <full-stacktrace>
              <![CDATA[java.lang.AssertionError: expected [true] but found [false]
at org.testng.Assert.fail(Assert.java:96)
at org.testng.Assert.failNotEquals(Assert.java:776)
at org.testng.Assert.assertTrue(Assert.java:44)
at org.testng.Assert.assertTrue(Assert.java:54)
at com.selenium.library.LibraryStar.waitForElementToBeClickable(LibraryStar.java:600)
at com.selenium.pages.AdminPage.goto_BackEnd(AdminPage.java:28)
at com.selenium.phptravels.pages.SmokeTest.adminCheck(SmokeTest.java:41)
at sun.reflect.NativeMethodAccessorImpl.invoke0(Native Method)
at sun.reflect.NativeMethodAccessorImpl.invoke(NativeMethodAccessorImpl.java:62)
at sun.reflect.DelegatingMethodAccessorImpl.invoke(DelegatingMethodAccessorImpl.java:43)
at java.lang.reflect.Method.invoke(Method.java:498)
at org.testng.internal.MethodInvocationHelper.invokeMethod(MethodInvocationHelper.java:124)
at org.testng.internal.Invoker.invokeMethod(Invoker.java:583)
at org.testng.internal.Invoker.invokeTestMethod(Invoker.java:719)
at org.testng.internal.Invoker.invokeTestMethods(Invoker.java:989)
at org.testng.internal.TestMethodWorker.invokeTestMethods(TestMethodWorker.java:125)
at org.testng.internal.TestMethodWorker.run(TestMethodWorker.java:109)
at org.testng.TestRunner.privateRun(TestRunner.java:648)
at org.testng.TestRunner.run(TestRunner.java:505)
at org.testng.SuiteRunner.runTest(SuiteRunner.java:455)
at org.testng.SuiteRunner.runSequentially(SuiteRunner.java:450)
at org.testng.SuiteRunner.privateRun(SuiteRunner.java:415)
at org.testng.SuiteRunner.run(SuiteRunner.java:364)
at org.testng.SuiteRunnerWorker.runSuite(SuiteRunnerWorker.java:52)
at org.testng.SuiteRunnerWorker.run(SuiteRunnerWorker.java:84)
at org.testng.TestNG.runSuitesSequentially(TestNG.java:1208)
at org.testng.TestNG.runSuitesLocally(TestNG.java:1137)
at org.testng.TestNG.runSuites(TestNG.java:1049)
at org.testng.TestNG.run(TestNG.java:1017)
at org.testng.remote.AbstractRemoteTestNG.run(AbstractRemoteTestNG.java:115)
at org.testng.remote.RemoteTestNG.initAndRun(RemoteTestNG.java:251)
at org.testng.remote.RemoteTestNG.main(RemoteTestNG.java:77)
]]>
            </full-stacktrace>
          </exception> <!-- java.lang.AssertionError -->
          <reporter-output>
          </reporter-output>
        </test-method> <!-- adminCheck -->
        <test-method status="PASS" signature="tearDown(org.testng.ITestResult)[pri:0, instance:com.selenium.phptravels.pages.SmokeTest@35d176f7]" name="tearDown" is-config="true" duration-ms="5875" started-at="2020-06-12T00:23:45Z" finished-at="2020-06-12T00:23:51Z">
          <params>
            <param index="0">
              <value>
                <![CDATA[[TestResult name=adminCheck status=FAILURE method=SmokeTest.adminCheck(java.lang.String, java.lang.String)[pri:4, instance:com.selenium.phptravels.pages.SmokeTest@35d176f7] output={null}]]]>
              </value>
            </param>
          </params>
          <reporter-output>
          </reporter-output>
        </test-method> <!-- tearDown -->
        <test-method status="PASS" signature="set_up()[pri:0, instance:com.selenium.phptravels.pages.SmokeTest@35d176f7]" name="set_up" is-config="true" duration-ms="963" started-at="2020-06-12T00:23:51Z" finished-at="2020-06-12T00:23:52Z">
          <reporter-output>
          </reporter-output>
        </test-method> <!-- set_up -->
        <test-method status="FAIL" signature="adminCheck(java.lang.String, java.lang.String)[pri:4, instance:com.selenium.phptravels.pages.SmokeTest@35d176f7]" name="adminCheck" duration-ms="16443" started-at="2020-06-12T00:23:52Z" data-provider="admintest" finished-at="2020-06-12T00:24:08Z">
          <params>
            <param index="0">
              <value>
                <![CDATA[sparow@gmail.com]]>
              </value>
            </param>
            <param index="1">
              <value>
                <![CDATA[tomhawk1]]>
              </value>
            </param>
          </params>
          <exception class="java.lang.AssertionError">
            <message>
              <![CDATA[expected [true] but found [false]]]>
            </message>
            <full-stacktrace>
              <![CDATA[java.lang.AssertionError: expected [true] but found [false]
at org.testng.Assert.fail(Assert.java:96)
at org.testng.Assert.failNotEquals(Assert.java:776)
at org.testng.Assert.assertTrue(Assert.java:44)
at org.testng.Assert.assertTrue(Assert.java:54)
at com.selenium.library.LibraryStar.waitForElementToBeClickable(LibraryStar.java:600)
at com.selenium.pages.AdminPage.goto_BackEnd(AdminPage.java:28)
at com.selenium.phptravels.pages.SmokeTest.adminCheck(SmokeTest.java:41)
at sun.reflect.NativeMethodAccessorImpl.invoke0(Native Method)
at sun.reflect.NativeMethodAccessorImpl.invoke(NativeMethodAccessorImpl.java:62)
at sun.reflect.DelegatingMethodAccessorImpl.invoke(DelegatingMethodAccessorImpl.java:43)
at java.lang.reflect.Method.invoke(Method.java:498)
at org.testng.internal.MethodInvocationHelper.invokeMethod(MethodInvocationHelper.java:124)
at org.testng.internal.Invoker.invokeMethod(Invoker.java:583)
at org.testng.internal.Invoker.invokeTestMethod(Invoker.java:719)
at org.testng.internal.Invoker.invokeTestMethods(Invoker.java:989)
at org.testng.internal.TestMethodWorker.invokeTestMethods(TestMethodWorker.java:125)
at org.testng.internal.TestMethodWorker.run(TestMethodWorker.java:109)
at org.testng.TestRunner.privateRun(TestRunner.java:648)
at org.testng.TestRunner.run(TestRunner.java:505)
at org.testng.SuiteRunner.runTest(SuiteRunner.java:455)
at org.testng.SuiteRunner.runSequentially(SuiteRunner.java:450)
at org.testng.SuiteRunner.privateRun(SuiteRunner.java:415)
at org.testng.SuiteRunner.run(SuiteRunner.java:364)
at org.testng.SuiteRunnerWorker.runSuite(SuiteRunnerWorker.java:52)
at org.testng.SuiteRunnerWorker.run(SuiteRunnerWorker.java:84)
at org.testng.TestNG.runSuitesSequentially(TestNG.java:1208)
at org.testng.TestNG.runSuitesLocally(TestNG.java:1137)
at org.testng.TestNG.runSuites(TestNG.java:1049)
at org.testng.TestNG.run(TestNG.java:1017)
at org.testng.remote.AbstractRemoteTestNG.run(AbstractRemoteTestNG.java:115)
at org.testng.remote.RemoteTestNG.initAndRun(RemoteTestNG.java:251)
at org.testng.remote.RemoteTestNG.main(RemoteTestNG.java:77)
]]>
            </full-stacktrace>
          </exception> <!-- java.lang.AssertionError -->
          <reporter-output>
          </reporter-output>
        </test-method> <!-- adminCheck -->
        <test-method status="PASS" signature="tearDown(org.testng.ITestResult)[pri:0, instance:com.selenium.phptravels.pages.SmokeTest@35d176f7]" name="tearDown" is-config="true" duration-ms="5875" started-at="2020-06-12T00:24:08Z" finished-at="2020-06-12T00:24:14Z">
          <params>
            <param index="0">
              <value>
                <![CDATA[[TestResult name=adminCheck status=FAILURE method=SmokeTest.adminCheck(java.lang.String, java.lang.String)[pri:4, instance:com.selenium.phptravels.pages.SmokeTest@35d176f7] output={null}]]]>
              </value>
            </param>
          </params>
          <reporter-output>
          </reporter-output>
        </test-method> <!-- tearDown -->
        <test-method status="PASS" signature="set_up()[pri:0, instance:com.selenium.phptravels.pages.SmokeTest@35d176f7]" name="set_up" is-config="true" duration-ms="971" started-at="2020-06-12T00:24:14Z" finished-at="2020-06-12T00:24:15Z">
          <reporter-output>
          </reporter-output>
        </test-method> <!-- set_up -->
        <test-method status="PASS" signature="adminCheck(java.lang.String, java.lang.String)[pri:4, instance:com.selenium.phptravels.pages.SmokeTest@35d176f7]" name="adminCheck" duration-ms="13511" started-at="2020-06-12T00:24:15Z" data-provider="admintest" finished-at="2020-06-12T00:24:28Z">
          <params>
            <param index="0">
              <value>
                <![CDATA[admin@phptravels.com]]>
              </value>
            </param>
            <param index="1">
              <value>
                <![CDATA[demoadmin]]>
              </value>
            </param>
          </params>
          <reporter-output>
          </reporter-output>
        </test-method> <!-- adminCheck -->
        <test-method status="PASS" signature="tearDown(org.testng.ITestResult)[pri:0, instance:com.selenium.phptravels.pages.SmokeTest@35d176f7]" name="tearDown" is-config="true" duration-ms="5104" started-at="2020-06-12T00:24:28Z" finished-at="2020-06-12T00:24:33Z">
          <params>
            <param index="0">
              <value>
                <![CDATA[[TestResult name=adminCheck status=SUCCESS method=SmokeTest.adminCheck(java.lang.String, java.lang.String)[pri:4, instance:com.selenium.phptravels.pages.SmokeTest@35d176f7] output={null}]]]>
              </value>
            </param>
          </params>
          <reporter-output>
          </reporter-output>
        </test-method> <!-- tearDown -->
        <test-method status="PASS" signature="afterAllTests()[pri:0, instance:com.selenium.phptravels.pages.SmokeTest@35d176f7]" name="afterAllTests" is-config="true" duration-ms="0" started-at="2020-06-12T00:24:33Z" finished-at="2020-06-12T00:24:33Z">
          <reporter-output>
          </reporter-output>
        </test-method> <!-- afterAllTests -->
      </class> <!-- com.selenium.phptravels.pages.SmokeTest -->
    </test> <!-- Default test -->
  </suite> <!-- Default suite -->
</testng-results>
